VUFIND DOCUMENTS 87353
OAI DOCUMENTS 87803
DIFFERENCES 178
posicion 58
deposito81802DOCUMENT DELETED 531437
posicion 2463
deposito81802DOCUMENT DELETED 531280
posicion 2464
deposito81802DOCUMENT DELETED 531283
posicion 2499
deposito81802DOCUMENT DELETED 531286
posicion 2500
deposito81802DOCUMENT DELETED 531288
posicion 2931
deposito81802DOCUMENT DELETED 531413
posicion 4106
deposito81802DOCUMENT DELETED 531461
posicion 4107
deposito81802DOCUMENT DELETED 531463
posicion 5062
deposito81802DOCUMENT DELETED 531278
posicion 5180
deposito81802DOCUMENT DELETED 531446
posicion 5303
deposito81802DOCUMENT DELETED 531449
posicion 5495
deposito81802DOCUMENT DELETED 531425
posicion 5564
deposito81802DOCUMENT DELETED 531429
posicion 5739
deposito81802DOCUMENT DELETED 531422
posicion 7881
deposito81802DOCUMENT DELETED 531440
posicion 7900
deposito81802DOCUMENT DELETED 531443
posicion 8170
deposito81802DOCUMENT DELETED 531416
posicion 8171
deposito81802DOCUMENT DELETED 531419
posicion 8206
deposito81802DOCUMENT DELETED 531411
posicion 8626
deposito81802DOCUMENT DELETED 531455
posicion 8627
deposito81802DOCUMENT DELETED 531458
posicion 8762
deposito81802DOCUMENT DELETED 531452
posicion 9061
deposito81802DOCUMENT DELETED 531468
posicion 9895
deposito81802DOCUMENT DELETED 531297
posicion 9966
deposito81802DOCUMENT DELETED 531290
posicion 9967
deposito81802DOCUMENT DELETED 531292
posicion 9968
deposito81802DOCUMENT DELETED 531294
posicion 16506
deposito81802DOCUMENT DELETED 531300
posicion 16703
deposito81802DOCUMENT DELETED 531303
posicion 16854
deposito81802DOCUMENT DELETED 531312
posicion 17009
deposito81802DOCUMENT DELETED 531306
posicion 17010
deposito81802DOCUMENT DELETED 531309
posicion 17235
deposito81802DOCUMENT DELETED 531315
posicion 17236
deposito81802DOCUMENT DELETED 531317
posicion 18009
deposito81802DOCUMENT DELETED 531320
posicion 18352
deposito81802DOCUMENT DELETED 531327
posicion 18477
deposito81802DOCUMENT DELETED 531322
posicion 18478
deposito81802DOCUMENT DELETED 531325
posicion 18888
deposito81802DOCUMENT DELETED 531330
posicion 19078
deposito81802DOCUMENT DELETED 531334
posicion 19139
deposito81802DOCUMENT DELETED 531336
posicion 19140
deposito81802DOCUMENT DELETED 531338
posicion 19559
deposito81802DOCUMENT DELETED 531340
posicion 19612
deposito81802DOCUMENT DELETED 531342
posicion 19613
deposito81802DOCUMENT DELETED 531344
posicion 19711
deposito81802DOCUMENT DELETED 531347
posicion 19712
deposito81802DOCUMENT DELETED 531349
posicion 26805
deposito81802DOCUMENT DELETED 531361
posicion 26861
deposito81802DOCUMENT DELETED 531351
posicion 26973
deposito81802DOCUMENT DELETED 531354
posicion 26974
deposito81802DOCUMENT DELETED 531357
posicion 27067
deposito81802DOCUMENT DELETED 531359
posicion 27434
deposito81802DOCUMENT DELETED 531371
posicion 27435
deposito81802DOCUMENT DELETED 531373
posicion 27785
deposito81802DOCUMENT DELETED 531369
posicion 27916
deposito81802DOCUMENT DELETED 531381
posicion 27941
deposito81802DOCUMENT DELETED 531367
posicion 28074
deposito81802DOCUMENT DELETED 531363
posicion 28122
deposito81802DOCUMENT DELETED 531365
posicion 28123
deposito81802DOCUMENT DELETED 531385
posicion 28577
deposito81802DOCUMENT DELETED 531375
posicion 28578
deposito81802DOCUMENT DELETED 531377
posicion 28719
deposito81802DOCUMENT DELETED 531379
posicion 28777
deposito81802DOCUMENT DELETED 531397
posicion 28962
deposito81802DOCUMENT DELETED 531392
posicion 28963
deposito81802DOCUMENT DELETED 531395
posicion 29225
deposito81802DOCUMENT DELETED 531389
posicion 29768
deposito81802DOCUMENT DELETED 531399
posicion 37272
deposito81802DOCUMENT DELETED 531401
posicion 37587
deposito81802DOCUMENT DELETED 531403
posicion 37588
deposito81802DOCUMENT DELETED 531406
posicion 43035
deposito81802DOCUMENT DELETED 531409
posicion 60487
deposito81802DOCUMENT DELETED 531272
posicion 60921
deposito81802DOCUMENT DELETED 531275
posicion 62628
deposito1079688DOCUMENT DELETED 1207718
posicion 67745
deposito972274DOCUMENT DELETED 1079298
posicion 67767
deposito972274DOCUMENT DELETED 1079293
posicion 72944
deposito972274DOCUMENT DELETED 1079295
posicion 79895
deposito1083775DOCUMENT DELETED 1136062
posicion 86609
deposito104957DOCUMENT DELETED 1254435
posicion 86610
deposito104957DOCUMENT DELETED 1254436
posicion 86611
deposito104957DOCUMENT DELETED 1254437
posicion 86612
deposito104957DOCUMENT DELETED 1254438
posicion 86613
deposito104957DOCUMENT DELETED 1254439
posicion 86614
deposito104957DOCUMENT DELETED 1254444
posicion 86615
deposito104957DOCUMENT DELETED 1254445
posicion 86616
deposito104957DOCUMENT DELETED 1254446
posicion 86617
deposito104957DOCUMENT DELETED 1254447
posicion 86796
deposito104957DOCUMENT DELETED 1254431
posicion 86797
deposito104957DOCUMENT DELETED 1254432
posicion 86798
deposito104957DOCUMENT DELETED 1254433
posicion 86799
deposito104957DOCUMENT DELETED 1254434
posicion 86873
deposito104957DOCUMENT DELETED 1254442
posicion 86874
deposito104957DOCUMENT DELETED 1254443
posicion 86875
deposito104957DOCUMENT DELETED 1254448
posicion 86876
deposito104957DOCUMENT DELETED 1254449
posicion 86877
deposito104957DOCUMENT DELETED 1254450
posicion 86982
deposito104957DOCUMENT DELETED 1254440
posicion 86983
deposito104957DOCUMENT DELETED 1254441
posicion 87099
deposito104957DOCUMENT DELETED 1254461
posicion 87100
deposito104957DOCUMENT DELETED 1254462
posicion 87101
deposito104957DOCUMENT DELETED 1254463
posicion 87102
deposito104957DOCUMENT DELETED 1254464
posicion 87103
deposito104957DOCUMENT DELETED 1254465
posicion 87104
deposito104957DOCUMENT DELETED 1254466
posicion 87105
deposito104957DOCUMENT DELETED 1254467
posicion 87106
deposito104957DOCUMENT DELETED 1254468
posicion 87107
deposito104957DOCUMENT DELETED 1254469
posicion 87108
deposito104957DOCUMENT DELETED 1254470
posicion 87109
deposito104957DOCUMENT DELETED 1254471
posicion 87110
deposito104957DOCUMENT DELETED 1254472
posicion 87111
deposito104957DOCUMENT DELETED 1254473
posicion 87112
deposito104957DOCUMENT DELETED 1254474
posicion 87172
deposito104957DOCUMENT DELETED 1254528
posicion 87173
deposito104957DOCUMENT DELETED 1254529
posicion 87229
deposito104957DOCUMENT DELETED 1254451
posicion 87230
deposito104957DOCUMENT DELETED 1254452
posicion 87231
deposito104957DOCUMENT DELETED 1254453
posicion 87232
deposito104957DOCUMENT DELETED 1254454
posicion 87233
deposito104957DOCUMENT DELETED 1254455
posicion 87234
deposito104957DOCUMENT DELETED 1254456
posicion 87235
deposito104957DOCUMENT DELETED 1254457
posicion 87236
deposito104957DOCUMENT DELETED 1254458
posicion 87237
deposito104957DOCUMENT DELETED 1254459
posicion 87238
deposito104957DOCUMENT DELETED 1254460
posicion 87279
deposito104957DOCUMENT DELETED 1254475
posicion 87280
deposito104957DOCUMENT DELETED 1254476
posicion 87281
deposito104957DOCUMENT DELETED 1254477
posicion 87282
deposito104957DOCUMENT DELETED 1254478
posicion 87283
deposito104957DOCUMENT DELETED 1254479
posicion 87284
deposito104957DOCUMENT DELETED 1254480
posicion 87285
deposito104957DOCUMENT DELETED 1254481
posicion 87286
deposito104957DOCUMENT DELETED 1254482
posicion 87287
deposito104957DOCUMENT DELETED 1254483
posicion 87288
deposito104957DOCUMENT DELETED 1254484
posicion 87289
deposito104957DOCUMENT DELETED 1254485
posicion 87290
deposito104957DOCUMENT DELETED 1254486
posicion 87291
deposito104957DOCUMENT DELETED 1254487
posicion 87292
deposito104957DOCUMENT DELETED 1254488
posicion 87293
deposito104957DOCUMENT DELETED 1254489
posicion 87294
deposito104957DOCUMENT DELETED 1254490
posicion 87295
deposito104957DOCUMENT DELETED 1254492
posicion 87296
deposito104957DOCUMENT DELETED 1254493
posicion 87297
deposito104957DOCUMENT DELETED 1254494
posicion 87298
deposito104957DOCUMENT DELETED 1254495
posicion 87299
deposito104957DOCUMENT DELETED 1254496
posicion 87300
deposito104957DOCUMENT DELETED 1254497
posicion 87301
deposito104957DOCUMENT DELETED 1254498
posicion 87302
deposito104957DOCUMENT DELETED 1254499
posicion 87323
deposito104957DOCUMENT DELETED 1254491
posicion 87324
deposito104957DOCUMENT DELETED 1254500
posicion 87325
deposito104957DOCUMENT DELETED 1254501
posicion 87326
deposito104957DOCUMENT DELETED 1254502
posicion 87327
deposito104957DOCUMENT DELETED 1254503
posicion 87328
deposito104957DOCUMENT DELETED 1254504
posicion 87329
deposito104957DOCUMENT DELETED 1254505
posicion 87330
deposito104957DOCUMENT DELETED 1254506
posicion 87331
deposito104957DOCUMENT DELETED 1254507
posicion 87332
deposito104957DOCUMENT DELETED 1254508
posicion 87333
deposito104957DOCUMENT DELETED 1254509
posicion 87334
deposito104957DOCUMENT DELETED 1254510
posicion 87335
deposito104957DOCUMENT DELETED 1254511
posicion 87336
deposito104957DOCUMENT DELETED 1254512
posicion 87337
deposito104957DOCUMENT DELETED 1254513
posicion 87338
deposito104957DOCUMENT DELETED 1254514
posicion 87339
deposito104957DOCUMENT DELETED 1254515
posicion 87340
deposito104957DOCUMENT DELETED 1254516
posicion 87341
deposito104957DOCUMENT DELETED 1254517
posicion 87342
deposito104957DOCUMENT DELETED 1254518
posicion 87343
deposito104957DOCUMENT DELETED 1254519
posicion 87344
deposito104957DOCUMENT DELETED 1254520
posicion 87345
deposito104957DOCUMENT DELETED 1254521
posicion 87346
deposito104957DOCUMENT DELETED 1254522
posicion 87347
deposito104957DOCUMENT DELETED 1254523
posicion 87348
deposito104957DOCUMENT DELETED 1254524
posicion 87349
deposito104957DOCUMENT DELETED 1254525
posicion 87350
deposito104957DOCUMENT DELETED 1254526
posicion 87351
deposito104957DOCUMENT DELETED 1254527
